Winner: 0x7302ce39220469a3a78ae468a582b29b30b9bcd7
No Condition: 0x64abc5b10c77d93be5038e7b4965d2f0d8279127
No Condition: 0xbaebb41cfe34701a697824776d1cd60c3ed742f1
No Condition: 0x53309aca8ceb8e9c04b99d2012c270d515494f7f
No Condition: 0xdcf81f0b32984c32433cb5f58365543244bd134c
No Condition: 0xd3c12b7bf524240deddc89cefa670e496e7edeb0
No Condition: 0x99051407f0164404ffdf5b11d5c5b9f3454b6383
No Condition: 0xf64b559843b91ade54d7ad0b5af4139e940fdb96
No Condition: 0xb32d1924dfee6b9d151257fa4c4c4ff5008f4ce2
No Condition: 0xe193abdad96b39532f66c34e758ae945a3288e5f
No Condition: 0xb6b47cd9d4abbf09166a774aba04ec8bea14e1c9
No Condition: 0x224f590a8b58f83bd2673348d6ac75a7b27f9b54
No Condition: 0x583d314f6598f2416339cf2737446ed98a1e711a
Winner: 0xed04d3792c439b8af827b3e46ee626827de53db5
Winner: 0x7a5dcacc92c7e15d61fad56c67d2edd001d142b7
No Condition: 0x96868a60982ead4ef3c8add5a45e73fe45fe8cc1
========= NOTICE =========
Request-Rate Exceeded  (this message will not be repeated)

The default API keys for each service are provided as a highly-throttled,
community resource for low-traffic projects and early prototyping.

While your application will continue to function, we highly recommended
signing up for your own API keys to improve performance, increase your
request rate/limit and enable other perks, such as metrics and advanced APIs.

For more details: https://docs.ethers.io/api-keys/
==========================
No Condition: 0xde5177f8ebea3bf40edb465392bb104232710801
Winner: 0x0d7fdfd2b4d471b5a9834e9868bc346deb94c337
Winner: 0xb91b3dec63690356bdfc2d664cdae19b3d96e5a1
No Condition: 0x1c08e4c0d6360812d3aa50eaf638c1c8635b6c3d
No Condition: 0xdfdf2d882d9ebce6c7eac3da9ab66cbfda263781
No Condition: 0x379445665c755d00ca00d7ec9d22a1bd13c9166d
Winner: 0x42a6a1591a1a421c097be83d0f70d82dceaf95fe
No Condition: 0xf19daf5af6f88d604394647361e19306e83f08c2
No Condition: 0x418dfe2b296c6b8b66758c7be3b8e3648a5591fe
No Condition: 0xa72dd12b9329e6efe095c030f361131604a79586
No Condition: 0x71d71da0bf8d981227fd0b9d0ee92dcd32636655
No Condition: 0xebfc9201a3bb0e3f3bbd88da15097b87db5e7844
No Condition: 0x12b492b683ee40724851533ea48256650fcd555f
No Condition: 0xb0eb8b4003fdd74f3c7994fbe5fce95ad10e3bcc
No Condition: 0x8f73331172fa89b9a102f0d094ef2f2fe9323cdd
Winner: 0x90e027926bb56e57e30b58eb28e87a5d320f7e38
No Condition: 0x136858d6d51c4a5bbd718bdae1c4fb742ee63989
No Condition: 0xe192aacbeba8afab8fe10eb637f838f8d06684ce
No Condition: 0xe57c8efc78fd20dfee3aa754de05e609f5e72a40
No Condition: 0x67f3f673e9d6f1c18fdfabb1c789d18f8c37c401
No Condition: 0xb5af12b837aaf602298b3385640f61a0ff0f4e0d
No Condition: 0x808522060e36128fc3ae58ca2f2789b5a4444444
Winner: 0x8adace41ec579423f149d7402f282301fcfaff36
No Condition: 0x14b95ed55c0825a30c5bf6d4905379e06749b117
Winner: 0xda340307a1170d36cb88d6f76f9c95aafc5c937a
Winner: 0xdfafa55c52beee3548272e3c2678bdf5b65d33b4
No Condition: 0x6c61bdb4dc3d44c5da61c8868275818ef9ea9c7b
No Condition: 0x3479b420967e569bcec414f86e00e242825559e3
No Condition: 0xb52524c48a2c2ab2e909ecd977a3d87f458d9b09
No Condition: 0xdb7b6dfd744b775dcf987e3b584516d429d3063f
No Condition: 0x5c05faeb0071d9000449fa4a4e0f79ba79ffd522
No Condition: 0xc34cbe021f3b28ca8f949ee8c16cd5d29546f9d2
No Condition: 0xf25696defd305ed9cb5fa9bba406a3710f3d1c32
Winner: 0x785b01b63dd1f6aad2c9d86ccf8852b6f18014ea
No Condition: 0xc7c0ed2f2d6b140d0babfcc006ff73652f11ec78
No Condition: 0x0964c486e6fba4d7c4f756781b4738256802a690
Winner: 0x8cdf509f6d67cd11379edbe468f749ca32a25176
No Condition: 0xd527346bbf222497f153efd4963231c69f463599
No Condition: 0x2fd48f3a8a0de43d3dd1a0a3795131a288d971b8
No Condition: 0xbf632dc77149239b33a7d3545827e3e539042935
No Condition: 0xf872a7fc49ea169937a41a840e5a4564cd7b1fb2
No Condition: 0xce2f6f6a51f725049d7d56ab11c09a096360398a
No Condition: 0x47116de3b6feb742fd87581d57a5fe744cf3c412
Winner: 0x16888860e7e9906d4099098dfbf3489b114e5cb4
No Condition: 0x1fb8a998aa1298b7e8b3f7f0f658f586b4a990b9
No Condition: 0xa70af66d9d74ade22ff493cd398afcfa5d99b22f
No Condition: 0xb0a96a2c30b88afc2659ac0cd6808b1847f9615c
No Condition: 0x42e7e3153bfe63ea4f72266b0e963102799de285
Winner: 0x259ac168403f3ca9eeaf5c2c140900c6d5d56501
No Condition: 0xb8a804da05abf0ee96d61f5e4bedb59e7f8fab2f
No Condition: 0xd40662aeb3f36f24a43ae0a78cee7e941d3bb833
No Condition: 0x3dbb0bc4b5474f47713dae9c1631064dc3a6c82b
No Condition: 0xf2344cc0e8e2ac5b46e7c747d391a57834324919
No Condition: 0x3401fa8dd22e32b0853354a4cd17681bdc520615
No Condition: 0x625f566c972a0b01e81d961ad7c07fff46e03160
No Condition: 0xa741b413df206aefd67c6f5002cb8e87c73b1049
No Condition: 0xac92691da264bbc295aff6850985b08852993ec2
No Condition: 0xb5c29225d0c4b5889b74f38fcf1aa1d2bc0e4a33
No Condition: 0x431667c24dfcee466596e84802bd230904dc5995
No Condition: 0xc5b239aec718659e6ec9ed9078b3cb8233f9ef8c
No Condition: 0x6cd68e8f04490cd1a5a21cc97cc8bc15b47dc9eb
No Condition: 0xfc9d508d75fc6683ec2ac639471d8a2df6ff6126
No Condition: 0x8c4b1fb8dc21b61ed5965a572f79b3370e963e05
No Condition: 0xccbb26e2e047f6da344defaba31a319a799203e4
No Condition: 0x3d1163e402ec0c0f58297e1e88bd992b729ee520
No Condition: 0x2346c75f30aea824f5c68513471744886f94c2a1
No Condition: 0x645fdb3ede33e6400a212a58ae4253d81014c1e2
No Condition: 0x3de3bbc34577f8a0cfc5d1da80e4668938f1edfc
Winner: 0xccf4d4a7144b952d61bf7a609d973501d0b82216
No Condition: 0x083e3568321e784f6c384ca44fae513a336f5e35
No Condition: 0xcb7329e0b62f79634c0e8ead7ce46108564f2f0b
Winner: 0x51869683791f9950b19145fdc0be0fedf743dd78
No Condition: 0xe9aa0925a1800825fdf69b147ecdbb769f0e04e4
No Condition: 0x0c58910d6a7020da91e16979dfda66ddef1d81cc
No Condition: 0x52c28dcbac565d47773406314cb5a002a42389c2
No Condition: 0xe015b5640b85a41d9dbfb086a08bfd525b89afb6
Winner: 0x729fc2d1ed7b062a3f6723c2565932fb4498a77d
Winner: 0x0052a2d76dd59d85c55c3baa03c2fd0245e4a9da
No Condition: 0xa0076833d8316521e3ba4628ad84de11830aa813
No Condition: 0xad4745844bc838a22c6d63213507bc888dee3fc4
No Condition: 0x97e1fd724479a40b53c3b3f31779bb33ff49e1f5
Winner: 0x207dcfff0bf605e892d7b036617fff1a9b7a3038
No Condition: 0xcadc852b12c7d9abcb251a6dc4f0a31d8bd68e7f
Winner: 0x51d8a8f6ab3385fe2f8ef07759bc98f60ba6a130
No Condition: 0x652bab93341ca3fc3e114b43cee43462d07363bd
No Condition: 0xa889b33e317c507fc4a8d116b2a1884a65d6d90a
No Condition: 0x1985d73b68685228a73915e46a62a15dda112e96
Winner: 0xca4eb9db9d8bc0d7dae95467d51ae72445e0aab1
No Condition: 0xc62184ac04a0610147bd890ba32d1918b67e017c
No Condition: 0xb836f786dd6690d896e95a27ae5490fe93fefcff
Winner: 0xf7652043d7e76ef61089c9e133305009febc0648
Winner: 0x88eee227dd9590ca94ae767ee49efc3187fc56cc
No Condition: 0xca9a275b1566c37335fd6d048150ddf28619ec41
No Condition: 0xdff7ce1af8b7693f2e7056d375ed2ba80b41e3fe
No Condition: 0x84327d63faff1386b656c98fb8eeef5a3274022e
No Condition: 0x47597e3f4e32157fd75b13ea6c017226d3f4c7aa
No Condition: 0xab0451d3fb14fb58fa8d3cb42e979110b58b659b
No Condition: 0xb10be5cbbf9655ed3648184ade56d3b4d6cedd4f
No Condition: 0x149884b699fe3e1b042f85fa3b54843eb689b2d4
No Condition: 0x349d9ffc07cfa9025628376c1d3fe08f47f734fe
No Condition: 0x4ff4255c498e844ce78f9f9ad46913a20a1642b4
No Condition: 0x784c71ce0099c1542f3ece7ccb20dd05f62ae741
No Condition: 0xa9f744969aba797acfe8fe85100a3cd52200382e
No Condition: 0x8660a7e2d207d2a37ef11c4930bf4efdac5da962
No Condition: 0x8b9c61c49a0fb701e91eb825413aa183df87f57a
No Condition: 0xb7faded89b14b80109496619249f379ee0260a75
No Condition: 0xc3fb71491d193538e0e2df83158e0a1154c081b9
No Condition: 0xe017ccd7d9cfda4b246ea547b11c52451af164ca
Winner: 0xd43797e006b5bc6229872ede3fe98014979339d3
No Condition: 0x3e74fc8a2848b08fbda0bf88be11a5b04f49dab5
No Condition: 0xbab4279d46618d6d740422422edee9a6538a39e7
No Condition: 0xfe73c88b82e4814175e29bce6acb596d86ac730e
No Condition: 0x882f8cb98f67e6e1e92f0af9d8ff521cb4d5b068
Winner: 0x87531ff3a9f614f787a38ad86844be31479ee55f
No Condition: 0x4d14f48f340e62f75b6e306b73d614a539a95bfc
No Condition: 0x751f5586a6f44fd1b066f4cec7a6dda95f5e8178
No Condition: 0x58f097b79e1c05565768a87c2734c758a319191a
No Condition: 0x4b98e86273b1bcb823f711995f8d5698c9baa55d
No Condition: 0xcbf239d36989b3aadc83d840e403818669d53dd3
No Condition: 0x185072dc48577ca30e9de52221549c6fcff6ea32
No Condition: 0x35b4dda923eade3f14af1b45579b52791505e77c
No Condition: 0x590a63aae55aabc85312d39bec541ef7160bd70c
No Condition: 0xf4fac6665b7ccca7fe7bc5bb8fb4ac062b07e856
No Condition: 0xe10cd9b7ba4fe128245ba03746946a2a4da315d4
No Condition: 0xfd9d94ea3c8a160a64bee28a98fa47aed4a3e0db
No Condition: 0x4c79f8e47da0649c778cc52cb268cec06fa9a776
No Condition: 0xf3c02e3d95a89baaf0655e0a333ee29f1c68d932
No Condition: 0x8b5389d7e10002dc6c36d71ac6449ab703d5b95d
Winner: 0x6188afe1c16101916ce45f716969db50220b2928
No Condition: 0x782dcfdf065dff4e80aff38daf6df56a140181f4
Winner: 0xc14c90f3af8b1ea8592bf7be644fbf10cfce40e5
Winner: 0x8d3cbcc982563e328649f4df83e2c989fbc69d65
No Condition: 0xe849c5a9fb8269b2005f5e1ed3a509a64f70bffd
No Condition: 0x558ed78a8ca9b69d59f0b6193c1f78fb4a8f7b88
No Condition: 0x58ad422acc66ae0f1aed8f9f0b787878a860c513
No Condition: 0x0a251df99a88a20a93876205fb7f5faf2e85a481
No Condition: 0x97bdf4ce72efc18f3de69a9485ded9492c3de8e4
No Condition: 0xb754acd31eb641e8c1aeebbbe5546faa15369cf9
No Condition: 0xdb995e77d0179a4f266ea9cacd1f1f1deeef8543
No Condition: 0xf00d0a7d9b36aef74fddfa60a608e4770993aff4
No Condition: 0xd07a5c6e47da9e5efe316ff81a0f59641b58ee73
No Condition: 0x4958b40b978dddde52d276d52d0968c0e0e08257
No Condition: 0x4aeea6ff8ccd4e3de20954fee3209d51c1401f89
No Condition: 0x90e7a24db5b75892b8129c72478a43540f1b5dc3
No Condition: 0x2bcd67a9d12cd3ed30bbfbd49ba360b3c0be06ea
No Condition: 0x4983381019436423fa6e3fbcf98caaefcb860559
No Condition: 0xfbc0bb992a414ea978317d415502c78841bf3c55
No Condition: 0x8b09c4fd7f3beafc91bbca198313cfd0d1a5ecbb
No Condition: 0xc1ad8a49ec4d601cc43cc110dd3ab26c7d37edcd
No Condition: 0xdfb27231979a3367579794001c006f6d3875d16f
No Condition: 0xed24226381f5144562f0f50c69b7abbaf5a2f093
No Condition: 0x092518f41762e9874d925cfbe26dc3f7e2b73881
No Condition: 0xacc7ab58ec17a235790437b3eed113fd76479d93
No Condition: 0x728a62b9dfd33e509aa08b68aba414eda4500824
No Condition: 0x18a759312c7ddce3911ff300f3a48bd0eafa979d
No Condition: 0xa029959f3384f69bd2462bf2ae9678999e6d567c
No Condition: 0x4420a1de03c3a8472f9f3b962d2396c3f49081b8
Winner: 0x0ca33858cc5077254415dd13a33df912a7b149f3
No Condition: 0xc22e7d56806ab04be8d0b6ba6a670bd0bceea9d4
No Condition: 0x4b7c7835f3758897e4dd6f7869e4a17168270535
No Condition: 0x6dcd790a3eef3f98df5ddf6e8cbf695cdf77fc3d
Winner: 0x6c13fc8ef50144a21702415d57ece0a09879fcfb
No Condition: 0x004a6cb2d2dbb3481b951f96713453e2a05d58e6
No Condition: 0xae48ec9718e887f52758cd1dee1236b98cdfba93
No Condition: 0x88027f81237f0d7a838c616d97d363365a9e4bb4
No Condition: 0x95a97cdd45f55a3e4d2c9c512bb98ed171b8f07b
Winner: 0x8938444c618c8f83b07ed245e9f553ee1fba4e51
No Condition: 0xe73250aa5d09015f0b2acdbb719e4433c06100b2
No Condition: 0x8622cef8a526857f4a3223af10b302fc29f79226
Winner: 0x36d627725d336507a92e2ac42d0efffe337e26f2
No Condition: 0x36be5b178b87aa0d0bb2c517df4b60a80b23a9d7
